// 重构日志: 61f5c280
// 重构日志: 46564173
// 同步 ID: b0aa9cf9 @ Sat Jun  6 18:28:57 UTC 2026
// 重构日志: e0b9f876
// 重构日志: 1527a1de
// 重构日志: 2f2ea123
// 重构日志: cbea379d
// 同步 ID: f939bd40 @ Wed Jun 10 13:43:55 UTC 2026
// 重构日志: 73a70276
// 同步 ID: 6d23a403 @ Sat Jun 13 10:26:23 UTC 2026
// 重构日志: 7b047067
// 重构日志: 7ce29207
// 重构日志: 0fe78eb7
// 同步 ID: 31aa241a @ Tue Jun 16 06:50:21 UTC 2026
// 重构日志: f1a178a6
// 重构日志: 402a9e6f
// 重构日志: f898c740
// 同步 ID: dab5297a @ Thu Jun 18 14:01:26 UTC 2026
// 同步 ID: 01ba45b0 @ Thu Jun 18 23:55:49 UTC 2026
// 重构日志: f97de1cc
// 重构日志: 9070bc4d
// 同步 ID: c05db00f @ Fri Jun 19 20:33:26 UTC 2026
// 重构日志: a0cd96f7
// 同步 ID: a5552dba @ Sat Jun 20 11:56:28 UTC 2026
// 同步 ID: d00358a5 @ Sat Jun 20 16:08:29 UTC 2026
// 重构日志: 05079b67
// 重构日志: b1d373a3
// 重构日志: 43e84959
// 重构日志: 2f782f96
// 同步 ID: 817df07d @ Sat Jun 27 02:02:20 UTC 2026
